mode: atomic
github.com/laincloud/deployd/engine/depends.go:36.53,39.2 1 0
github.com/laincloud/deployd/engine/depends.go:55.51,57.2 1 0
github.com/laincloud/deployd/engine/depends.go:59.54,63.2 3 0
github.com/laincloud/deployd/engine/depends.go:65.67,73.46 4 0
github.com/laincloud/deployd/engine/depends.go:83.2,83.21 1 0
github.com/laincloud/deployd/engine/depends.go:73.46,74.46 1 0
github.com/laincloud/deployd/engine/depends.go:74.46,76.11 2 0
github.com/laincloud/deployd/engine/depends.go:79.4,80.39 2 0
github.com/laincloud/deployd/engine/depends.go:76.11,78.5 1 0
github.com/laincloud/deployd/engine/depends.go:86.45,93.2 6 0
github.com/laincloud/deployd/engine/depends.go:95.45,100.2 4 0
github.com/laincloud/deployd/engine/depends.go:102.63,109.35 4 0
github.com/laincloud/deployd/engine/depends.go:115.2,117.15 2 0
github.com/laincloud/deployd/engine/depends.go:120.2,123.52 4 0
github.com/laincloud/deployd/engine/depends.go:109.35,114.3 4 0
github.com/laincloud/deployd/engine/depends.go:117.15,119.3 1 0
github.com/laincloud/deployd/engine/depends.go:126.58,130.12 4 0
github.com/laincloud/deployd/engine/depends.go:143.2,143.15 1 0
github.com/laincloud/deployd/engine/depends.go:146.2,149.15 3 0
github.com/laincloud/deployd/engine/depends.go:152.2,155.39 4 0
github.com/laincloud/deployd/engine/depends.go:130.12,131.47 1 0
github.com/laincloud/deployd/engine/depends.go:131.47,132.39 1 0
github.com/laincloud/deployd/engine/depends.go:138.4,138.17 1 0
github.com/laincloud/deployd/engine/depends.go:132.39,133.29 1 0
github.com/laincloud/deployd/engine/depends.go:133.29,135.11 2 0
github.com/laincloud/deployd/engine/depends.go:138.17,139.10 1 0
github.com/laincloud/deployd/engine/depends.go:143.15,145.3 1 0
github.com/laincloud/deployd/engine/depends.go:149.15,151.3 1 0
github.com/laincloud/deployd/engine/depends.go:158.70,166.2 6 0
github.com/laincloud/deployd/engine/depends.go:168.73,174.2 5 0
github.com/laincloud/deployd/engine/depends.go:176.73,183.2 6 0
github.com/laincloud/deployd/engine/depends.go:185.129,186.12 1 0
github.com/laincloud/deployd/engine/depends.go:186.12,187.7 1 0
github.com/laincloud/deployd/engine/depends.go:187.7,188.11 1 0
github.com/laincloud/deployd/engine/depends.go:189.4,190.40 1 0
github.com/laincloud/deployd/engine/depends.go:193.4,194.34 1 0
github.com/laincloud/deployd/engine/depends.go:190.40,192.6 1 0
github.com/laincloud/deployd/engine/depends.go:194.34,196.6 1 0
github.com/laincloud/deployd/engine/depends.go:202.138,203.46 1 0
github.com/laincloud/deployd/engine/depends.go:206.2,206.62 1 0
github.com/laincloud/deployd/engine/depends.go:203.46,205.3 1 0
github.com/laincloud/deployd/engine/depends.go:206.62,208.3 1 0
github.com/laincloud/deployd/engine/depends.go:208.3,218.3 4 0
github.com/laincloud/deployd/engine/depends.go:221.100,223.44 2 0
github.com/laincloud/deployd/engine/depends.go:231.2,237.38 7 0
github.com/laincloud/deployd/engine/depends.go:243.2,245.13 3 0
github.com/laincloud/deployd/engine/depends.go:223.44,225.37 2 0
github.com/laincloud/deployd/engine/depends.go:228.3,229.51 2 0
github.com/laincloud/deployd/engine/depends.go:225.37,227.4 1 0
github.com/laincloud/deployd/engine/depends.go:237.38,238.53 1 0
github.com/laincloud/deployd/engine/depends.go:241.3,241.42 1 0
github.com/laincloud/deployd/engine/depends.go:238.53,239.12 1 0
github.com/laincloud/deployd/engine/depends.go:248.93,249.2 0 0
github.com/laincloud/deployd/engine/depends.go:251.106,263.33 2 0
github.com/laincloud/deployd/engine/depends.go:271.2,271.16 1 0
github.com/laincloud/deployd/engine/depends.go:263.33,264.38 1 0
github.com/laincloud/deployd/engine/depends.go:264.38,268.4 3 0
github.com/laincloud/deployd/engine/podgroup.go:37.51,39.2 1 0
github.com/laincloud/deployd/engine/podgroup.go:41.62,45.2 3 0
github.com/laincloud/deployd/engine/podgroup.go:47.52,50.37 3 0
github.com/laincloud/deployd/engine/podgroup.go:58.2,58.13 1 0
github.com/laincloud/deployd/engine/podgroup.go:50.37,51.27 1 0
github.com/laincloud/deployd/engine/podgroup.go:51.27,52.39 1 0
github.com/laincloud/deployd/engine/podgroup.go:55.4,55.16 1 0
github.com/laincloud/deployd/engine/podgroup.go:52.39,54.5 1 0
github.com/laincloud/deployd/engine/podgroup.go:61.52,65.2 3 0
github.com/laincloud/deployd/engine/podgroup.go:67.52,71.2 3 0
github.com/laincloud/deployd/engine/podgroup.go:73.44,79.39 5 0
github.com/laincloud/deployd/engine/podgroup.go:83.2,86.44 4 0
github.com/laincloud/deployd/engine/podgroup.go:89.2,92.57 4 0
github.com/laincloud/deployd/engine/podgroup.go:79.39,81.3 1 0
github.com/laincloud/deployd/engine/podgroup.go:86.44,88.3 1 0
github.com/laincloud/deployd/engine/podgroup.go:95.104,102.58 6 0
github.com/laincloud/deployd/engine/podgroup.go:106.2,106.77 1 0
github.com/laincloud/deployd/engine/podgroup.go:110.2,110.14 1 0
github.com/laincloud/deployd/engine/podgroup.go:114.2,120.16 7 0
github.com/laincloud/deployd/engine/podgroup.go:139.2,139.77 1 0
github.com/laincloud/deployd/engine/podgroup.go:102.58,105.3 2 0
github.com/laincloud/deployd/engine/podgroup.go:106.77,109.3 2 0
github.com/laincloud/deployd/engine/podgroup.go:110.14,112.3 1 0
github.com/laincloud/deployd/engine/podgroup.go:120.16,122.16 2 0
github.com/laincloud/deployd/engine/podgroup.go:135.3,137.42 3 0
github.com/laincloud/deployd/engine/podgroup.go:122.16,123.34 1 0
github.com/laincloud/deployd/engine/podgroup.go:123.34,127.5 3 0
github.com/laincloud/deployd/engine/podgroup.go:128.4,130.34 2 0
github.com/laincloud/deployd/engine/podgroup.go:130.34,133.5 2 0
github.com/laincloud/deployd/engine/podgroup.go:142.67,147.30 4 0
github.com/laincloud/deployd/engine/podgroup.go:150.2,151.47 2 0
github.com/laincloud/deployd/engine/podgroup.go:154.2,164.44 11 0
github.com/laincloud/deployd/engine/podgroup.go:170.2,173.66 4 0
github.com/laincloud/deployd/engine/podgroup.go:147.30,149.3 1 0
github.com/laincloud/deployd/engine/podgroup.go:151.47,153.3 1 0
github.com/laincloud/deployd/engine/podgroup.go:164.44,169.3 4 0
github.com/laincloud/deployd/engine/podgroup.go:176.104,180.28 4 0
github.com/laincloud/deployd/engine/podgroup.go:183.2,184.22 2 0
github.com/laincloud/deployd/engine/podgroup.go:192.2,195.67 4 0
github.com/laincloud/deployd/engine/podgroup.go:180.28,182.3 1 0
github.com/laincloud/deployd/engine/podgroup.go:184.22,185.45 1 0
github.com/laincloud/deployd/engine/podgroup.go:185.45,188.4 2 0
github.com/laincloud/deployd/engine/podgroup.go:189.3,191.3 1 0
github.com/laincloud/deployd/engine/podgroup.go:198.44,205.44 7 0
github.com/laincloud/deployd/engine/podgroup.go:208.2,210.33 3 0
github.com/laincloud/deployd/engine/podgroup.go:205.44,207.3 1 0
github.com/laincloud/deployd/engine/podgroup.go:213.55,214.46 1 0
github.com/laincloud/deployd/engine/podgroup.go:217.2,222.44 6 0
github.com/laincloud/deployd/engine/podgroup.go:225.2,229.70 5 0
github.com/laincloud/deployd/engine/podgroup.go:214.46,216.3 1 0
github.com/laincloud/deployd/engine/podgroup.go:222.44,224.3 1 0
github.com/laincloud/deployd/engine/podgroup.go:232.129,233.12 1 0
github.com/laincloud/deployd/engine/podgroup.go:233.12,234.7 1 0
github.com/laincloud/deployd/engine/podgroup.go:234.7,235.11 1 0
github.com/laincloud/deployd/engine/podgroup.go:236.4,238.19 2 0
github.com/laincloud/deployd/engine/podgroup.go:241.4,242.33 1 0
github.com/laincloud/deployd/engine/podgroup.go:238.19,240.6 1 0
github.com/laincloud/deployd/engine/podgroup.go:242.33,244.6 1 0
github.com/laincloud/deployd/engine/podgroup.go:250.110,251.40 1 0
github.com/laincloud/deployd/engine/podgroup.go:254.2,256.40 3 0
github.com/laincloud/deployd/engine/podgroup.go:267.2,268.29 2 0
github.com/laincloud/deployd/engine/podgroup.go:251.40,253.3 1 0
github.com/laincloud/deployd/engine/podgroup.go:256.40,257.40 1 0
github.com/laincloud/deployd/engine/podgroup.go:260.3,265.5 1 0
github.com/laincloud/deployd/engine/podgroup.go:257.40,259.4 1 0
github.com/laincloud/deployd/engine/podgroup.go:268.29,270.3 1 0
github.com/laincloud/deployd/engine/podgroup.go:273.52,276.74 3 0
github.com/laincloud/deployd/engine/podgroup.go:280.2,281.31 2 0
github.com/laincloud/deployd/engine/podgroup.go:288.2,288.24 1 0
github.com/laincloud/deployd/engine/podgroup.go:276.74,279.3 2 0
github.com/laincloud/deployd/engine/podgroup.go:281.31,287.3 1 0
github.com/laincloud/deployd/engine/podgroup.go:291.56,294.74 3 0
github.com/laincloud/deployd/engine/podgroup.go:298.2,299.31 2 0
github.com/laincloud/deployd/engine/podgroup.go:306.2,307.10 2 0
github.com/laincloud/deployd/engine/podgroup.go:314.2,314.13 1 0
github.com/laincloud/deployd/engine/podgroup.go:294.74,297.3 2 0
github.com/laincloud/deployd/engine/podgroup.go:299.31,305.3 1 0
github.com/laincloud/deployd/engine/podgroup.go:307.10,309.3 1 0
github.com/laincloud/deployd/engine/podgroup.go:309.3,313.3 3 0
github.com/laincloud/deployd/engine/podgroup.go:317.72,319.30 2 0
github.com/laincloud/deployd/engine/podgroup.go:322.2,323.77 2 0
github.com/laincloud/deployd/engine/podgroup.go:327.2,327.73 1 0
github.com/laincloud/deployd/engine/podgroup.go:331.2,331.25 1 0
github.com/laincloud/deployd/engine/podgroup.go:390.2,390.13 1 0
github.com/laincloud/deployd/engine/podgroup.go:319.30,321.3 1 0
github.com/laincloud/deployd/engine/podgroup.go:323.77,326.3 2 0
github.com/laincloud/deployd/engine/podgroup.go:327.73,330.3 2 0
github.com/laincloud/deployd/engine/podgroup.go:331.25,337.35 5 0
github.com/laincloud/deployd/engine/podgroup.go:362.3,362.38 1 0
github.com/laincloud/deployd/engine/podgroup.go:379.3,380.11 2 0
github.com/laincloud/deployd/engine/podgroup.go:337.35,339.39 2 0
github.com/laincloud/deployd/engine/podgroup.go:353.4,353.15 1 0
github.com/laincloud/deployd/engine/podgroup.go:339.39,340.28 1 0
github.com/laincloud/deployd/engine/podgroup.go:340.28,342.11 2 0
github.com/laincloud/deployd/engine/podgroup.go:343.6,343.46 1 0
github.com/laincloud/deployd/engine/podgroup.go:343.46,350.11 3 0
github.com/laincloud/deployd/engine/podgroup.go:353.15,359.5 1 0
github.com/laincloud/deployd/engine/podgroup.go:362.38,364.36 2 0
github.com/laincloud/deployd/engine/podgroup.go:370.4,370.15 1 0
github.com/laincloud/deployd/engine/podgroup.go:364.36,365.39 1 0
github.com/laincloud/deployd/engine/podgroup.go:365.39,367.11 2 0
github.com/laincloud/deployd/engine/podgroup.go:370.15,376.5 1 0
github.com/laincloud/deployd/engine/podgroup.go:380.11,384.4 3 0
github.com/laincloud/deployd/engine/podgroup.go:384.4,388.4 3 0
github.com/laincloud/deployd/engine/podgroup.go:393.78,396.33 3 0
github.com/laincloud/deployd/engine/podgroup.go:399.2,399.11 1 0
github.com/laincloud/deployd/engine/podgroup.go:396.33,398.3 1 0
github.com/laincloud/deployd/engine/podgroup.go:399.11,401.57 1 0
github.com/laincloud/deployd/engine/podgroup.go:401.57,403.4 1 0
github.com/laincloud/deployd/engine/podgroup.go:403.4,405.8 2 0
github.com/laincloud/deployd/engine/podgroup.go:405.8,406.30 1 0
github.com/laincloud/deployd/engine/podgroup.go:409.5,411.65 2 0
github.com/laincloud/deployd/engine/podgroup.go:414.5,414.55 1 0
github.com/laincloud/deployd/engine/podgroup.go:406.30,407.11 1 0
github.com/laincloud/deployd/engine/podgroup.go:411.65,412.11 1 0
github.com/laincloud/deployd/engine/podgroup.go:420.48,424.2 3 0
github.com/laincloud/deployd/engine/podgroup.go:426.103,428.26 2 0
github.com/laincloud/deployd/engine/podgroup.go:444.2,444.30 1 0
github.com/laincloud/deployd/engine/podgroup.go:452.2,462.15 3 0
github.com/laincloud/deployd/engine/podgroup.go:428.26,433.39 5 0
github.com/laincloud/deployd/engine/podgroup.go:438.3,441.4 1 0
github.com/laincloud/deployd/engine/podgroup.go:433.39,435.4 1 0
github.com/laincloud/deployd/engine/podgroup.go:435.4,437.4 1 0
github.com/laincloud/deployd/engine/podgroup.go:444.30,445.63 1 0
github.com/laincloud/deployd/engine/podgroup.go:449.3,449.39 1 0
github.com/laincloud/deployd/engine/podgroup.go:445.63,447.12 2 0
github.com/laincloud/deployd/engine/podgroup_ops.go:22.125,25.15 3 0
github.com/laincloud/deployd/engine/podgroup_ops.go:30.2,31.24 2 0
github.com/laincloud/deployd/engine/podgroup_ops.go:40.2,40.14 1 0
github.com/laincloud/deployd/engine/podgroup_ops.go:25.15,29.3 3 0
github.com/laincloud/deployd/engine/podgroup_ops.go:31.24,32.67 1 0
github.com/laincloud/deployd/engine/podgroup_ops.go:32.67,35.4 2 0
github.com/laincloud/deployd/engine/podgroup_ops.go:36.3,38.3 1 0
github.com/laincloud/deployd/engine/podgroup_ops.go:45.127,48.15 3 0
github.com/laincloud/deployd/engine/podgroup_ops.go:53.2,53.55 1 0
github.com/laincloud/deployd/engine/podgroup_ops.go:58.2,58.14 1 0
github.com/laincloud/deployd/engine/podgroup_ops.go:48.15,52.3 3 0
github.com/laincloud/deployd/engine/podgroup_ops.go:53.55,55.3 1 0
github.com/laincloud/deployd/engine/podgroup_ops.go:55.3,57.3 1 0
github.com/laincloud/deployd/engine/podgroup_ops.go:65.133,68.15 3 0
github.com/laincloud/deployd/engine/podgroup_ops.go:73.2,73.63 1 0
github.com/laincloud/deployd/engine/podgroup_ops.go:80.2,80.14 1 0
github.com/laincloud/deployd/engine/podgroup_ops.go:68.15,72.3 3 0
github.com/laincloud/deployd/engine/podgroup_ops.go:73.63,75.3 1 0
github.com/laincloud/deployd/engine/podgroup_ops.go:75.3,79.3 3 0
github.com/laincloud/deployd/engine/podgroup_ops.go:90.131,92.15 2 0
github.com/laincloud/deployd/engine/podgroup_ops.go:98.2,109.81 9 0
github.com/laincloud/deployd/engine/podgroup_ops.go:112.2,117.14 6 0
github.com/laincloud/deployd/engine/podgroup_ops.go:92.15,96.3 3 0
github.com/laincloud/deployd/engine/podgroup_ops.go:109.81,111.3 1 0
github.com/laincloud/deployd/engine/podgroup_ops.go:125.131,128.15 3 0
github.com/laincloud/deployd/engine/podgroup_ops.go:134.2,141.49 6 0
github.com/laincloud/deployd/engine/podgroup_ops.go:151.2,152.38 2 0
github.com/laincloud/deployd/engine/podgroup_ops.go:165.2,165.38 1 0
github.com/laincloud/deployd/engine/podgroup_ops.go:208.2,208.98 1 0
github.com/laincloud/deployd/engine/podgroup_ops.go:216.2,216.52 1 0
github.com/laincloud/deployd/engine/podgroup_ops.go:241.2,241.14 1 0
github.com/laincloud/deployd/engine/podgroup_ops.go:128.15,132.3 3 0
github.com/laincloud/deployd/engine/podgroup_ops.go:141.49,142.47 1 0
github.com/laincloud/deployd/engine/podgroup_ops.go:142.47,146.42 4 0
github.com/laincloud/deployd/engine/podgroup_ops.go:146.42,148.5 1 0
github.com/laincloud/deployd/engine/podgroup_ops.go:152.38,153.47 1 0
github.com/laincloud/deployd/engine/podgroup_ops.go:158.3,158.100 1 0
github.com/laincloud/deployd/engine/podgroup_ops.go:153.47,157.4 2 0
github.com/laincloud/deployd/engine/podgroup_ops.go:158.100,162.4 3 0
github.com/laincloud/deployd/engine/podgroup_ops.go:165.38,166.28 1 0
github.com/laincloud/deployd/engine/podgroup_ops.go:169.3,170.29 2 0
github.com/laincloud/deployd/engine/podgroup_ops.go:176.3,176.19 1 0
github.com/laincloud/deployd/engine/podgroup_ops.go:205.3,205.15 1 0
github.com/laincloud/deployd/engine/podgroup_ops.go:166.28,168.4 1 0
github.com/laincloud/deployd/engine/podgroup_ops.go:170.29,171.17 1 0
github.com/laincloud/deployd/engine/podgroup_ops.go:171.17,174.5 2 0
github.com/laincloud/deployd/engine/podgroup_ops.go:176.19,180.40 3 0
github.com/laincloud/deployd/engine/podgroup_ops.go:180.40,183.5 2 0
github.com/laincloud/deployd/engine/podgroup_ops.go:184.4,191.35 4 0
github.com/laincloud/deployd/engine/podgroup_ops.go:196.4,196.53 1 0
github.com/laincloud/deployd/engine/podgroup_ops.go:199.4,203.35 5 0
github.com/laincloud/deployd/engine/podgroup_ops.go:191.35,195.5 2 0
github.com/laincloud/deployd/engine/podgroup_ops.go:196.53,198.5 1 0
github.com/laincloud/deployd/engine/podgroup_ops.go:208.98,215.3 5 0
github.com/laincloud/deployd/engine/podgroup_ops.go:216.52,217.39 1 0
github.com/laincloud/deployd/engine/podgroup_ops.go:222.3,223.28 2 0
github.com/laincloud/deployd/engine/podgroup_ops.go:232.3,234.39 3 0
github.com/laincloud/deployd/engine/podgroup_ops.go:238.3,238.15 1 0
github.com/laincloud/deployd/engine/podgroup_ops.go:217.39,221.4 2 0
github.com/laincloud/deployd/engine/podgroup_ops.go:223.28,227.4 2 0
github.com/laincloud/deployd/engine/podgroup_ops.go:227.4,230.4 1 0
github.com/laincloud/deployd/engine/podgroup_ops.go:234.39,237.4 2 0
github.com/laincloud/deployd/engine/podgroup_ops.go:248.135,251.15 3 0
github.com/laincloud/deployd/engine/podgroup_ops.go:257.2,257.49 1 0
github.com/laincloud/deployd/engine/podgroup_ops.go:267.2,267.14 1 0
github.com/laincloud/deployd/engine/podgroup_ops.go:251.15,255.3 3 0
github.com/laincloud/deployd/engine/podgroup_ops.go:257.49,258.53 1 0
github.com/laincloud/deployd/engine/podgroup_ops.go:258.53,265.4 5 0
github.com/laincloud/deployd/engine/podgroup_ops.go:275.130,278.15 3 0
github.com/laincloud/deployd/engine/podgroup_ops.go:283.2,286.49 4 0
github.com/laincloud/deployd/engine/podgroup_ops.go:296.2,296.19 1 0
github.com/laincloud/deployd/engine/podgroup_ops.go:333.2,333.14 1 0
github.com/laincloud/deployd/engine/podgroup_ops.go:278.15,282.3 3 0
github.com/laincloud/deployd/engine/podgroup_ops.go:286.49,287.85 1 0
github.com/laincloud/deployd/engine/podgroup_ops.go:287.85,290.60 3 0
github.com/laincloud/deployd/engine/podgroup_ops.go:290.60,293.5 2 0
github.com/laincloud/deployd/engine/podgroup_ops.go:296.19,298.55 2 0
github.com/laincloud/deployd/engine/podgroup_ops.go:302.3,302.52 1 0
github.com/laincloud/deployd/engine/podgroup_ops.go:308.3,308.16 1 0
github.com/laincloud/deployd/engine/podgroup_ops.go:318.3,320.39 3 0
github.com/laincloud/deployd/engine/podgroup_ops.go:298.55,301.4 2 0
github.com/laincloud/deployd/engine/podgroup_ops.go:302.52,303.39 1 0
github.com/laincloud/deployd/engine/podgroup_ops.go:303.39,306.5 2 0
github.com/laincloud/deployd/engine/podgroup_ops.go:308.16,313.4 4 0
github.com/laincloud/deployd/engine/podgroup_ops.go:313.4,317.4 3 0
github.com/laincloud/deployd/engine/podgroup_ops.go:320.39,324.4 2 0
github.com/laincloud/deployd/engine/podgroup_ops.go:325.3,328.39 3 0
github.com/laincloud/deployd/engine/podgroup_ops.go:328.39,331.4 2 0
github.com/laincloud/deployd/engine/podgroup_ops.go:340.129,345.15 5 0
github.com/laincloud/deployd/engine/podgroup_ops.go:349.2,353.42 5 0
github.com/laincloud/deployd/engine/podgroup_ops.go:363.2,363.19 1 0
github.com/laincloud/deployd/engine/podgroup_ops.go:366.2,367.14 2 0
github.com/laincloud/deployd/engine/podgroup_ops.go:345.15,347.3 1 0
github.com/laincloud/deployd/engine/podgroup_ops.go:353.42,355.43 2 0
github.com/laincloud/deployd/engine/podgroup_ops.go:359.3,359.49 1 0
github.com/laincloud/deployd/engine/podgroup_ops.go:355.43,358.4 2 0
github.com/laincloud/deployd/engine/podgroup_ops.go:359.49,361.4 1 0
github.com/laincloud/deployd/engine/podgroup_ops.go:363.19,365.3 1 0
github.com/laincloud/deployd/engine/podgroup_ops.go:377.129,381.15 4 0
github.com/laincloud/deployd/engine/podgroup_ops.go:388.2,394.15 6 0
github.com/laincloud/deployd/engine/podgroup_ops.go:399.2,399.14 1 0
github.com/laincloud/deployd/engine/podgroup_ops.go:381.15,382.16 1 0
github.com/laincloud/deployd/engine/podgroup_ops.go:382.16,386.4 3 0
github.com/laincloud/deployd/engine/podgroup_ops.go:394.15,398.3 3 0
github.com/laincloud/deployd/engine/podgroup_ops.go:407.130,409.15 2 0
github.com/laincloud/deployd/engine/podgroup_ops.go:414.2,418.14 5 0
github.com/laincloud/deployd/engine/podgroup_ops.go:409.15,413.3 3 0
github.com/laincloud/deployd/engine/podgroup_ops.go:423.121,425.15 2 0
github.com/laincloud/deployd/engine/podgroup_ops.go:430.2,430.49 1 0
github.com/laincloud/deployd/engine/podgroup_ops.go:444.2,447.13 4 0
github.com/laincloud/deployd/engine/podgroup_ops.go:425.15,429.3 3 0
github.com/laincloud/deployd/engine/podgroup_ops.go:430.49,433.29 3 0
github.com/laincloud/deployd/engine/podgroup_ops.go:433.29,434.86 1 0
github.com/laincloud/deployd/engine/podgroup_ops.go:434.86,435.10 1 0
github.com/laincloud/deployd/engine/podgroup_ops.go:436.5,438.15 2 0
github.com/laincloud/deployd/engine/podgroup_ops.go:438.15,440.6 1 0
github.com/laincloud/deployd/engine/podgroup_ops.go:454.127,465.2 7 0
github.com/laincloud/deployd/engine/podgroup_ops.go:469.126,470.30 1 0
github.com/laincloud/deployd/engine/podgroup_ops.go:473.2,473.14 1 0
github.com/laincloud/deployd/engine/podgroup_ops.go:470.30,472.3 1 0
github.com/laincloud/deployd/engine/podgroup_ops.go:480.128,484.2 3 0
github.com/laincloud/deployd/engine/podgroup_ops.go:488.133,489.15 1 0
github.com/laincloud/deployd/engine/podgroup_ops.go:495.2,496.42 2 0
github.com/laincloud/deployd/engine/podgroup_ops.go:499.2,500.14 2 0
github.com/laincloud/deployd/engine/podgroup_ops.go:489.15,493.3 3 0
github.com/laincloud/deployd/engine/podgroup_ops.go:496.42,498.3 1 0
github.com/laincloud/deployd/engine/specs.go:52.51,54.2 1 1
github.com/laincloud/deployd/engine/specs.go:56.60,66.2 9 1
github.com/laincloud/deployd/engine/specs.go:68.65,84.2 15 0
github.com/laincloud/deployd/engine/specs.go:96.46,101.2 2 0
github.com/laincloud/deployd/engine/specs.go:103.50,108.2 4 0
github.com/laincloud/deployd/engine/specs.go:110.57,113.2 1 0
github.com/laincloud/deployd/engine/specs.go:121.62,125.2 1 0
github.com/laincloud/deployd/engine/specs.go:132.53,135.2 1 0
github.com/laincloud/deployd/engine/specs.go:155.46,166.32 10 0
github.com/laincloud/deployd/engine/specs.go:169.2,169.16 1 0
github.com/laincloud/deployd/engine/specs.go:166.32,168.3 1 0
github.com/laincloud/deployd/engine/specs.go:172.44,177.13 2 0
github.com/laincloud/deployd/engine/specs.go:180.2,180.40 1 0
github.com/laincloud/deployd/engine/specs.go:185.2,185.13 1 0
github.com/laincloud/deployd/engine/specs.go:177.13,179.3 1 0
github.com/laincloud/deployd/engine/specs.go:180.40,181.29 1 0
github.com/laincloud/deployd/engine/specs.go:181.29,183.4 1 0
github.com/laincloud/deployd/engine/specs.go:188.53,205.2 1 0
github.com/laincloud/deployd/engine/specs.go:207.51,215.2 5 1
github.com/laincloud/deployd/engine/specs.go:229.40,231.2 1 0
github.com/laincloud/deployd/engine/specs.go:238.47,243.2 1 1
github.com/laincloud/deployd/engine/specs.go:245.46,250.2 4 0
github.com/laincloud/deployd/engine/specs.go:267.37,268.35 1 0
github.com/laincloud/deployd/engine/specs.go:273.2,273.20 1 0
github.com/laincloud/deployd/engine/specs.go:268.35,270.3 1 0
github.com/laincloud/deployd/engine/specs.go:270.3,270.42 1 0
github.com/laincloud/deployd/engine/specs.go:270.42,272.3 1 0
github.com/laincloud/deployd/engine/specs.go:276.39,277.39 1 0
github.com/laincloud/deployd/engine/specs.go:282.2,282.22 1 0
github.com/laincloud/deployd/engine/specs.go:277.39,279.3 1 0
github.com/laincloud/deployd/engine/specs.go:279.3,279.46 1 0
github.com/laincloud/deployd/engine/specs.go:279.46,281.3 1 0
github.com/laincloud/deployd/engine/specs.go:285.34,288.2 1 4
github.com/laincloud/deployd/engine/specs.go:290.34,296.30 6 0
github.com/laincloud/deployd/engine/specs.go:299.2,300.32 2 0
github.com/laincloud/deployd/engine/specs.go:303.2,304.16 2 0
github.com/laincloud/deployd/engine/specs.go:296.30,298.3 1 0
github.com/laincloud/deployd/engine/specs.go:300.32,302.3 1 0
github.com/laincloud/deployd/engine/specs.go:307.38,310.13 2 0
github.com/laincloud/deployd/engine/specs.go:313.2,313.37 1 0
github.com/laincloud/deployd/engine/specs.go:318.2,318.13 1 0
github.com/laincloud/deployd/engine/specs.go:310.13,312.3 1 0
github.com/laincloud/deployd/engine/specs.go:313.37,314.28 1 0
github.com/laincloud/deployd/engine/specs.go:314.28,316.4 1 0
github.com/laincloud/deployd/engine/specs.go:321.40,323.2 1 0
github.com/laincloud/deployd/engine/specs.go:325.36,327.2 1 0
github.com/laincloud/deployd/engine/specs.go:329.36,330.41 1 0
github.com/laincloud/deployd/engine/specs.go:338.2,338.14 1 0
github.com/laincloud/deployd/engine/specs.go:330.41,331.80 1 0
github.com/laincloud/deployd/engine/specs.go:334.3,334.33 1 0
github.com/laincloud/deployd/engine/specs.go:331.80,332.12 1 0
github.com/laincloud/deployd/engine/specs.go:334.33,336.4 1 0
github.com/laincloud/deployd/engine/specs.go:341.41,342.44 1 0
github.com/laincloud/deployd/engine/specs.go:345.2,345.30 1 0
github.com/laincloud/deployd/engine/specs.go:350.2,350.48 1 0
github.com/laincloud/deployd/engine/specs.go:353.2,353.32 1 0
github.com/laincloud/deployd/engine/specs.go:358.2,367.40 1 0
github.com/laincloud/deployd/engine/specs.go:342.44,344.3 1 0
github.com/laincloud/deployd/engine/specs.go:345.30,346.47 1 0
github.com/laincloud/deployd/engine/specs.go:346.47,348.4 1 0
github.com/laincloud/deployd/engine/specs.go:350.48,352.3 1 0
github.com/laincloud/deployd/engine/specs.go:353.32,354.45 1 0
github.com/laincloud/deployd/engine/specs.go:354.45,356.4 1 0
github.com/laincloud/deployd/engine/specs.go:370.43,372.27 1 0
github.com/laincloud/deployd/engine/specs.go:388.2,400.10 13 0
github.com/laincloud/deployd/engine/specs.go:372.27,374.34 2 0
github.com/laincloud/deployd/engine/specs.go:374.34,375.30 1 0
github.com/laincloud/deployd/engine/specs.go:380.4,380.37 1 0
github.com/laincloud/deployd/engine/specs.go:383.4,383.40 1 0
github.com/laincloud/deployd/engine/specs.go:375.30,377.5 1 0
github.com/laincloud/deployd/engine/specs.go:377.5,379.5 1 0
github.com/laincloud/deployd/engine/specs.go:380.37,382.5 1 0
github.com/laincloud/deployd/engine/specs.go:383.40,385.5 1 0
github.com/laincloud/deployd/engine/specs.go:403.83,406.32 3 1
github.com/laincloud/deployd/engine/specs.go:409.2,416.13 5 1
github.com/laincloud/deployd/engine/specs.go:406.32,408.3 1 0
github.com/laincloud/deployd/engine/specs.go:427.41,428.12 1 0
github.com/laincloud/deployd/engine/specs.go:429.2,430.30 1 0
github.com/laincloud/deployd/engine/specs.go:431.2,432.31 1 0
github.com/laincloud/deployd/engine/specs.go:433.2,434.31 1 0
github.com/laincloud/deployd/engine/specs.go:435.2,436.33 1 0
github.com/laincloud/deployd/engine/specs.go:446.57,454.2 4 0
github.com/laincloud/deployd/engine/specs.go:456.71,464.2 4 0
github.com/laincloud/deployd/engine/specs.go:466.44,467.23 1 0
github.com/laincloud/deployd/engine/specs.go:470.2,470.24 1 0
github.com/laincloud/deployd/engine/specs.go:467.23,469.3 1 0
github.com/laincloud/deployd/engine/specs.go:480.42,483.2 1 0
github.com/laincloud/deployd/engine/specs.go:485.47,489.2 3 0
github.com/laincloud/deployd/engine/specs.go:491.54,498.2 1 0
github.com/laincloud/deployd/engine/specs.go:500.46,504.13 2 0
github.com/laincloud/deployd/engine/specs.go:507.2,507.32 1 0
github.com/laincloud/deployd/engine/specs.go:504.13,506.3 1 0
github.com/laincloud/deployd/engine/specs.go:510.101,522.2 8 0
github.com/laincloud/deployd/engine/constraint.go:24.54,29.2 2 5
github.com/laincloud/deployd/engine/constraint.go:31.76,34.61 3 4
github.com/laincloud/deployd/engine/constraint.go:49.2,50.12 2 0
github.com/laincloud/deployd/engine/constraint.go:34.61,35.34 1 4
github.com/laincloud/deployd/engine/constraint.go:35.34,37.4 1 4
github.com/laincloud/deployd/engine/constraint.go:38.3,39.36 1 0
github.com/laincloud/deployd/engine/constraint.go:39.36,41.55 2 0
github.com/laincloud/deployd/engine/constraint.go:45.4,46.77 2 0
github.com/laincloud/deployd/engine/constraint.go:41.55,44.5 2 0
github.com/laincloud/deployd/engine/constraint.go:53.88,55.20 2 0
github.com/laincloud/deployd/engine/constraint.go:58.2,58.18 1 0
github.com/laincloud/deployd/engine/constraint.go:61.2,61.80 1 0
github.com/laincloud/deployd/engine/constraint.go:55.20,57.3 1 0
github.com/laincloud/deployd/engine/constraint.go:58.18,60.3 1 0
github.com/laincloud/deployd/engine/constraint.go:64.79,68.2 3 1
github.com/laincloud/deployd/engine/constraint.go:70.86,73.49 3 0
github.com/laincloud/deployd/engine/constraint.go:73.49,75.3 1 0
github.com/laincloud/deployd/engine/constraint.go:75.3,77.3 1 0
github.com/laincloud/deployd/engine/constraint.go:80.98,84.58 4 0
github.com/laincloud/deployd/engine/constraint.go:88.2,89.12 2 0
github.com/laincloud/deployd/engine/constraint.go:84.58,87.3 2 0
github.com/laincloud/deployd/engine/constraint.go:92.93,96.52 4 0
github.com/laincloud/deployd/engine/constraint.go:100.2,101.12 2 0
github.com/laincloud/deployd/engine/constraint.go:96.52,99.3 2 0
github.com/laincloud/deployd/engine/events.go:22.45,27.2 1 0
github.com/laincloud/deployd/engine/events.go:29.59,32.41 3 0
github.com/laincloud/deployd/engine/events.go:35.2,37.19 2 0
github.com/laincloud/deployd/engine/events.go:42.2,42.19 1 0
github.com/laincloud/deployd/engine/events.go:32.41,34.3 1 0
github.com/laincloud/deployd/engine/events.go:37.19,38.38 1 0
github.com/laincloud/deployd/engine/events.go:38.38,40.4 1 0
github.com/laincloud/deployd/engine/events.go:42.19,44.3 1 0
github.com/laincloud/deployd/engine/events.go:44.3,46.3 1 0
github.com/laincloud/deployd/engine/events.go:49.59,53.2 3 0
github.com/laincloud/deployd/engine/events.go:55.62,59.2 3 0
github.com/laincloud/deployd/engine/notify.go:46.118,56.2 2 0
github.com/laincloud/deployd/engine/notify.go:58.64,65.2 3 0
github.com/laincloud/deployd/engine/notify.go:67.69,72.57 5 0
github.com/laincloud/deployd/engine/notify.go:78.2,78.38 1 0
github.com/laincloud/deployd/engine/notify.go:81.2,81.12 1 0
github.com/laincloud/deployd/engine/notify.go:72.57,73.34 1 0
github.com/laincloud/deployd/engine/notify.go:73.34,76.4 2 0
github.com/laincloud/deployd/engine/notify.go:78.38,80.3 1 0
github.com/laincloud/deployd/engine/notify.go:84.64,88.2 3 0
github.com/laincloud/deployd/engine/notify.go:90.83,95.33 5 0
github.com/laincloud/deployd/engine/notify.go:98.2,100.73 3 0
github.com/laincloud/deployd/engine/notify.go:106.2,107.12 2 0
github.com/laincloud/deployd/engine/notify.go:95.33,97.3 1 0
github.com/laincloud/deployd/engine/notify.go:100.73,103.3 2 0
github.com/laincloud/deployd/engine/notify.go:103.3,105.3 1 0
github.com/laincloud/deployd/engine/notify.go:110.86,115.33 5 0
github.com/laincloud/deployd/engine/notify.go:118.2,119.73 2 0
github.com/laincloud/deployd/engine/notify.go:125.2,126.12 2 0
github.com/laincloud/deployd/engine/notify.go:115.33,117.3 1 0
github.com/laincloud/deployd/engine/notify.go:119.73,122.3 2 0
github.com/laincloud/deployd/engine/notify.go:122.3,124.3 1 0
github.com/laincloud/deployd/engine/notify.go:129.82,131.39 2 0
github.com/laincloud/deployd/engine/notify.go:134.2,134.20 1 0
github.com/laincloud/deployd/engine/notify.go:131.39,133.3 1 0
github.com/laincloud/deployd/engine/notify.go:137.57,139.2 1 0
github.com/laincloud/deployd/engine/notify.go:141.59,145.41 4 0
github.com/laincloud/deployd/engine/notify.go:145.41,147.54 2 0
github.com/laincloud/deployd/engine/notify.go:147.54,149.4 1 0
github.com/laincloud/deployd/engine/notify.go:153.79,154.55 1 0
github.com/laincloud/deployd/engine/notify.go:154.55,156.3 1 0
github.com/laincloud/deployd/engine/notify.go:156.3,158.17 2 0
github.com/laincloud/deployd/engine/notify.go:161.3,163.17 3 0
github.com/laincloud/deployd/engine/notify.go:166.3,166.29 1 0
github.com/laincloud/deployd/engine/notify.go:176.3,176.13 1 0
github.com/laincloud/deployd/engine/notify.go:158.17,160.4 1 0
github.com/laincloud/deployd/engine/notify.go:163.17,165.4 1 0
github.com/laincloud/deployd/engine/notify.go:166.29,171.63 5 0
github.com/laincloud/deployd/engine/notify.go:174.4,174.56 1 0
github.com/laincloud/deployd/engine/notify.go:171.63,173.5 1 0
github.com/laincloud/deployd/engine/notify.go:180.58,182.12 2 0
github.com/laincloud/deployd/engine/notify.go:182.12,183.7 1 0
github.com/laincloud/deployd/engine/notify.go:183.7,184.11 1 0
github.com/laincloud/deployd/engine/notify.go:185.4,186.26 1 0
github.com/laincloud/deployd/engine/notify.go:187.4,188.34 1 0
github.com/laincloud/deployd/engine/notify.go:188.34,191.6 2 0
github.com/laincloud/deployd/engine/pod.go:40.42,42.2 1 4
github.com/laincloud/deployd/engine/pod.go:44.58,45.37 1 1
github.com/laincloud/deployd/engine/pod.go:49.2,51.15 3 1
github.com/laincloud/deployd/engine/pod.go:57.2,68.38 8 1
github.com/laincloud/deployd/engine/pod.go:73.2,73.43 1 1
github.com/laincloud/deployd/engine/pod.go:104.2,104.37 1 0
github.com/laincloud/deployd/engine/pod.go:45.37,47.3 1 0
github.com/laincloud/deployd/engine/pod.go:51.15,55.3 3 1
github.com/laincloud/deployd/engine/pod.go:68.38,71.3 2 0
github.com/laincloud/deployd/engine/pod.go:73.43,76.17 3 1
github.com/laincloud/deployd/engine/pod.go:85.3,85.52 1 0
github.com/laincloud/deployd/engine/pod.go:93.3,96.52 3 0
github.com/laincloud/deployd/engine/pod.go:101.3,101.62 1 0
github.com/laincloud/deployd/engine/pod.go:76.17,78.36 2 1
github.com/laincloud/deployd/engine/pod.go:81.4,82.10 2 1
github.com/laincloud/deployd/engine/pod.go:78.36,80.5 1 1
github.com/laincloud/deployd/engine/pod.go:85.52,87.36 2 0
github.com/laincloud/deployd/engine/pod.go:90.4,90.69 1 0
github.com/laincloud/deployd/engine/pod.go:87.36,89.5 1 0
github.com/laincloud/deployd/engine/pod.go:96.52,100.4 3 0
github.com/laincloud/deployd/engine/pod.go:104.37,106.3 1 0
github.com/laincloud/deployd/engine/pod.go:109.99,110.37 1 0
github.com/laincloud/deployd/engine/pod.go:113.2,113.24 1 0
github.com/laincloud/deployd/engine/pod.go:117.2,118.30 2 0
github.com/laincloud/deployd/engine/pod.go:121.2,121.32 1 0
github.com/laincloud/deployd/engine/pod.go:125.2,125.36 1 0
github.com/laincloud/deployd/engine/pod.go:130.2,132.15 3 0
github.com/laincloud/deployd/engine/pod.go:136.2,140.18 5 0
github.com/laincloud/deployd/engine/pod.go:145.2,146.13 2 0
github.com/laincloud/deployd/engine/pod.go:110.37,112.3 1 0
github.com/laincloud/deployd/engine/pod.go:113.24,115.3 1 0
github.com/laincloud/deployd/engine/pod.go:118.30,120.3 1 0
github.com/laincloud/deployd/engine/pod.go:121.32,123.3 1 0
github.com/laincloud/deployd/engine/pod.go:125.36,128.3 2 0
github.com/laincloud/deployd/engine/pod.go:132.15,134.3 1 0
github.com/laincloud/deployd/engine/pod.go:140.18,142.3 1 0
github.com/laincloud/deployd/engine/pod.go:142.3,144.3 1 0
github.com/laincloud/deployd/engine/pod.go:149.58,152.15 3 0
github.com/laincloud/deployd/engine/pod.go:156.2,157.46 2 0
github.com/laincloud/deployd/engine/pod.go:170.2,172.31 3 0
github.com/laincloud/deployd/engine/pod.go:152.15,154.3 1 0
github.com/laincloud/deployd/engine/pod.go:157.46,158.25 1 0
github.com/laincloud/deployd/engine/pod.go:162.3,162.87 1 0
github.com/laincloud/deployd/engine/pod.go:165.3,165.76 1 0
github.com/laincloud/deployd/engine/pod.go:158.25,159.12 1 0
github.com/laincloud/deployd/engine/pod.go:162.87,164.4 1 0
github.com/laincloud/deployd/engine/pod.go:165.76,168.4 2 0
github.com/laincloud/deployd/engine/pod.go:175.56,176.37 1 0
github.com/laincloud/deployd/engine/pod.go:179.2,181.15 3 0
github.com/laincloud/deployd/engine/pod.go:185.2,187.46 2 0
github.com/laincloud/deployd/engine/pod.go:198.2,198.31 1 0
github.com/laincloud/deployd/engine/pod.go:176.37,178.3 1 0
github.com/laincloud/deployd/engine/pod.go:181.15,183.3 1 0
github.com/laincloud/deployd/engine/pod.go:187.46,188.87 1 0
github.com/laincloud/deployd/engine/pod.go:188.87,190.36 2 0
github.com/laincloud/deployd/engine/pod.go:193.4,193.68 1 0
github.com/laincloud/deployd/engine/pod.go:190.36,192.5 1 0
github.com/laincloud/deployd/engine/pod.go:194.4,196.4 1 0
github.com/laincloud/deployd/engine/pod.go:201.57,202.72 1 0
github.com/laincloud/deployd/engine/pod.go:205.2,207.15 3 0
github.com/laincloud/deployd/engine/pod.go:210.2,212.46 3 0
github.com/laincloud/deployd/engine/pod.go:223.2,224.31 2 0
github.com/laincloud/deployd/engine/pod.go:202.72,204.3 1 0
github.com/laincloud/deployd/engine/pod.go:207.15,209.3 1 0
github.com/laincloud/deployd/engine/pod.go:212.46,213.62 1 0
github.com/laincloud/deployd/engine/pod.go:213.62,215.36 2 0
github.com/laincloud/deployd/engine/pod.go:218.4,218.69 1 0
github.com/laincloud/deployd/engine/pod.go:215.36,217.5 1 0
github.com/laincloud/deployd/engine/pod.go:219.4,221.4 1 0
github.com/laincloud/deployd/engine/pod.go:227.46,229.92 2 0
github.com/laincloud/deployd/engine/pod.go:234.2,234.24 1 0
github.com/laincloud/deployd/engine/pod.go:229.92,231.3 1 0
github.com/laincloud/deployd/engine/pod.go:231.3,233.3 1 0
github.com/laincloud/deployd/engine/pod.go:237.59,240.15 3 0
github.com/laincloud/deployd/engine/pod.go:244.2,247.50 3 0
github.com/laincloud/deployd/engine/pod.go:250.2,250.31 1 0
github.com/laincloud/deployd/engine/pod.go:240.15,242.3 1 0
github.com/laincloud/deployd/engine/pod.go:247.50,249.3 1 0
github.com/laincloud/deployd/engine/pod.go:254.95,255.75 1 0
github.com/laincloud/deployd/engine/pod.go:259.2,259.72 1 0
github.com/laincloud/deployd/engine/pod.go:268.2,268.13 1 0
github.com/laincloud/deployd/engine/pod.go:255.75,258.3 1 0
github.com/laincloud/deployd/engine/pod.go:259.72,262.75 3 0
github.com/laincloud/deployd/engine/pod.go:266.3,266.15 1 0
github.com/laincloud/deployd/engine/pod.go:262.75,265.4 2 0
github.com/laincloud/deployd/engine/pod.go:271.79,272.50 1 0
github.com/laincloud/deployd/engine/pod.go:275.2,276.14 2 0
github.com/laincloud/deployd/engine/pod.go:282.2,283.59 2 0
github.com/laincloud/deployd/engine/pod.go:272.50,274.3 1 0
github.com/laincloud/deployd/engine/pod.go:276.14,280.3 3 0
github.com/laincloud/deployd/engine/pod.go:283.59,284.27 1 0
github.com/laincloud/deployd/engine/pod.go:284.27,288.4 3 0
github.com/laincloud/deployd/engine/pod.go:288.4,290.36 2 0
github.com/laincloud/deployd/engine/pod.go:293.4,293.75 1 0
github.com/laincloud/deployd/engine/pod.go:290.36,292.5 1 0
github.com/laincloud/deployd/engine/pod.go:295.3,297.20 2 0
github.com/laincloud/deployd/engine/pod.go:300.3,302.38 2 0
github.com/laincloud/deployd/engine/pod.go:311.3,321.104 2 0
github.com/laincloud/deployd/engine/pod.go:327.3,332.21 6 0
github.com/laincloud/deployd/engine/pod.go:340.3,341.20 2 0
github.com/laincloud/deployd/engine/pod.go:297.20,299.4 1 0
github.com/laincloud/deployd/engine/pod.go:302.38,304.59 2 0
github.com/laincloud/deployd/engine/pod.go:304.59,306.5 1 0
github.com/laincloud/deployd/engine/pod.go:306.5,308.5 1 0
github.com/laincloud/deployd/engine/pod.go:321.104,322.64 1 0
github.com/laincloud/deployd/engine/pod.go:322.64,324.5 1 0
github.com/laincloud/deployd/engine/pod.go:332.21,333.27 1 0
github.com/laincloud/deployd/engine/pod.go:333.27,335.5 1 0
github.com/laincloud/deployd/engine/pod.go:335.5,338.5 2 0
github.com/laincloud/deployd/engine/pod.go:341.20,342.66 1 0
github.com/laincloud/deployd/engine/pod.go:342.66,344.5 1 0
github.com/laincloud/deployd/engine/pod.go:344.5,344.72 1 0
github.com/laincloud/deployd/engine/pod.go:344.72,346.5 1 0
github.com/laincloud/deployd/engine/pod.go:346.5,348.5 1 0
github.com/laincloud/deployd/engine/pod.go:349.4,351.4 1 0
github.com/laincloud/deployd/engine/pod.go:355.112,371.2 5 1
github.com/laincloud/deployd/engine/pod.go:373.98,378.33 4 1
github.com/laincloud/deployd/engine/pod.go:381.2,381.40 1 1
github.com/laincloud/deployd/engine/pod.go:388.2,406.41 5 1
github.com/laincloud/deployd/engine/pod.go:410.2,420.36 2 1
github.com/laincloud/deployd/engine/pod.go:473.2,473.21 1 1
github.com/laincloud/deployd/engine/pod.go:478.2,478.11 1 1
github.com/laincloud/deployd/engine/pod.go:378.33,380.3 1 0
github.com/laincloud/deployd/engine/pod.go:381.40,383.21 2 0
github.com/laincloud/deployd/engine/pod.go:383.21,385.4 1 0
github.com/laincloud/deployd/engine/pod.go:406.41,408.3 1 0
github.com/laincloud/deployd/engine/pod.go:420.36,421.41 1 0
github.com/laincloud/deployd/engine/pod.go:421.41,425.4 1 0
github.com/laincloud/deployd/engine/pod.go:425.4,430.49 4 0
github.com/laincloud/deployd/engine/pod.go:434.4,434.48 1 0
github.com/laincloud/deployd/engine/pod.go:438.4,438.48 1 0
github.com/laincloud/deployd/engine/pod.go:442.4,447.5 1 0
github.com/laincloud/deployd/engine/pod.go:430.49,432.5 1 0
github.com/laincloud/deployd/engine/pod.go:434.48,436.5 1 0
github.com/laincloud/deployd/engine/pod.go:438.48,440.5 1 0
github.com/laincloud/deployd/engine/pod.go:449.3,451.80 2 1
github.com/laincloud/deployd/engine/pod.go:451.80,452.55 1 0
github.com/laincloud/deployd/engine/pod.go:452.55,455.11 3 0
github.com/laincloud/deployd/engine/pod.go:455.11,464.6 3 0
github.com/laincloud/deployd/engine/pod.go:465.5,467.5 1 0
github.com/laincloud/deployd/engine/pod.go:468.4,470.4 1 1
github.com/laincloud/deployd/engine/pod.go:473.21,477.3 1 1
github.com/laincloud/deployd/engine/pod.go:481.70,484.33 3 1
github.com/laincloud/deployd/engine/pod.go:489.2,496.21 3 1
github.com/laincloud/deployd/engine/pod.go:503.2,503.27 1 1
github.com/laincloud/deployd/engine/pod.go:515.2,517.32 2 1
github.com/laincloud/deployd/engine/pod.go:533.2,534.26 2 1
github.com/laincloud/deployd/engine/pod.go:537.2,537.29 1 1
github.com/laincloud/deployd/engine/pod.go:540.2,540.31 1 1
github.com/laincloud/deployd/engine/pod.go:544.2,544.11 1 1
github.com/laincloud/deployd/engine/pod.go:484.33,486.3 1 0
github.com/laincloud/deployd/engine/pod.go:486.3,486.30 1 1
github.com/laincloud/deployd/engine/pod.go:486.30,488.3 1 1
github.com/laincloud/deployd/engine/pod.go:496.21,502.3 1 1
github.com/laincloud/deployd/engine/pod.go:503.27,505.34 2 0
github.com/laincloud/deployd/engine/pod.go:513.3,513.19 1 0
github.com/laincloud/deployd/engine/pod.go:505.34,507.35 1 0
github.com/laincloud/deployd/engine/pod.go:507.35,509.5 1 0
github.com/laincloud/deployd/engine/pod.go:509.5,511.5 1 0
github.com/laincloud/deployd/engine/pod.go:517.32,519.40 2 0
github.com/laincloud/deployd/engine/pod.go:530.3,530.40 1 0
github.com/laincloud/deployd/engine/pod.go:519.40,520.39 1 0
github.com/laincloud/deployd/engine/pod.go:520.39,521.33 1 0
github.com/laincloud/deployd/engine/pod.go:521.33,523.6 1 0
github.com/laincloud/deployd/engine/pod.go:524.5,525.33 1 0
github.com/laincloud/deployd/engine/pod.go:525.33,527.6 1 0
github.com/laincloud/deployd/engine/pod.go:534.26,536.3 1 1
github.com/laincloud/deployd/engine/pod.go:537.29,539.3 1 0
github.com/laincloud/deployd/engine/pod.go:540.31,543.3 2 0
github.com/laincloud/deployd/engine/pod.go:547.64,550.33 3 1
github.com/laincloud/deployd/engine/pod.go:553.2,553.32 1 1
github.com/laincloud/deployd/engine/pod.go:550.33,552.3 1 0
github.com/laincloud/deployd/engine/pod.go:556.82,559.15 3 1
github.com/laincloud/deployd/engine/pod.go:562.2,570.11 5 1
github.com/laincloud/deployd/engine/pod.go:559.15,561.3 1 1
github.com/laincloud/deployd/engine/runtimes.go:32.36,33.12 1 1
github.com/laincloud/deployd/engine/runtimes.go:34.2,35.27 1 0
github.com/laincloud/deployd/engine/runtimes.go:36.2,37.25 1 0
github.com/laincloud/deployd/engine/runtimes.go:38.2,39.27 1 0
github.com/laincloud/deployd/engine/runtimes.go:40.2,41.24 1 0
github.com/laincloud/deployd/engine/runtimes.go:42.2,43.24 1 1
github.com/laincloud/deployd/engine/runtimes.go:44.2,45.27 1 0
github.com/laincloud/deployd/engine/runtimes.go:46.2,47.32 1 0
github.com/laincloud/deployd/engine/runtimes.go:48.2,49.27 1 0
github.com/laincloud/deployd/engine/runtimes.go:50.2,51.28 1 0
github.com/laincloud/deployd/engine/runtimes.go:55.39,56.12 1 1
github.com/laincloud/deployd/engine/runtimes.go:57.2,58.16 1 1
github.com/laincloud/deployd/engine/runtimes.go:59.2,60.20 1 0
github.com/laincloud/deployd/engine/runtimes.go:61.2,62.19 1 0
github.com/laincloud/deployd/engine/runtimes.go:63.2,64.21 1 0
github.com/laincloud/deployd/engine/runtimes.go:65.2,66.16 1 0
github.com/laincloud/deployd/engine/runtimes.go:97.38,100.2 1 0
github.com/laincloud/deployd/engine/runtimes.go:102.45,111.2 1 0
github.com/laincloud/deployd/engine/runtimes.go:119.26,122.30 3 0
github.com/laincloud/deployd/engine/runtimes.go:125.2,125.10 1 0
github.com/laincloud/deployd/engine/runtimes.go:122.30,124.3 1 0
github.com/laincloud/deployd/engine/runtimes.go:128.33,129.44 1 0
github.com/laincloud/deployd/engine/runtimes.go:132.2,132.30 1 0
github.com/laincloud/deployd/engine/runtimes.go:137.2,140.31 1 0
github.com/laincloud/deployd/engine/runtimes.go:129.44,131.3 1 0
github.com/laincloud/deployd/engine/runtimes.go:132.30,133.47 1 0
github.com/laincloud/deployd/engine/runtimes.go:133.47,135.4 1 0
github.com/laincloud/deployd/engine/runtimes.go:143.40,145.43 2 0
github.com/laincloud/deployd/engine/runtimes.go:148.2,148.12 1 0
github.com/laincloud/deployd/engine/runtimes.go:145.43,147.3 1 0
github.com/laincloud/deployd/engine/runtimes.go:151.55,153.35 2 0
github.com/laincloud/deployd/engine/runtimes.go:156.2,156.35 1 0
github.com/laincloud/deployd/engine/runtimes.go:159.2,159.14 1 0
github.com/laincloud/deployd/engine/runtimes.go:153.35,155.3 1 0
github.com/laincloud/deployd/engine/runtimes.go:156.35,158.3 1 0
github.com/laincloud/deployd/engine/runtimes.go:162.42,163.129 1 0
github.com/laincloud/deployd/engine/runtimes.go:166.2,166.44 1 0
github.com/laincloud/deployd/engine/runtimes.go:163.129,165.3 1 0
github.com/laincloud/deployd/engine/runtimes.go:169.34,170.29 1 0
github.com/laincloud/deployd/engine/runtimes.go:173.2,173.11 1 0
github.com/laincloud/deployd/engine/runtimes.go:170.29,172.3 1 0
github.com/laincloud/deployd/engine/runtimes.go:176.32,177.29 1 0
github.com/laincloud/deployd/engine/runtimes.go:180.2,180.11 1 0
github.com/laincloud/deployd/engine/runtimes.go:177.29,179.3 1 0
github.com/laincloud/deployd/engine/runtimes.go:183.31,184.29 1 0
github.com/laincloud/deployd/engine/runtimes.go:187.2,187.11 1 0
github.com/laincloud/deployd/engine/runtimes.go:184.29,186.3 1 0
github.com/laincloud/deployd/engine/runtimes.go:195.37,198.25 3 0
github.com/laincloud/deployd/engine/runtimes.go:201.2,201.10 1 0
github.com/laincloud/deployd/engine/runtimes.go:198.25,200.3 1 0
github.com/laincloud/deployd/engine/runtimes.go:204.44,205.33 1 0
github.com/laincloud/deployd/engine/runtimes.go:208.2,208.25 1 0
github.com/laincloud/deployd/engine/runtimes.go:213.2,214.30 1 0
github.com/laincloud/deployd/engine/runtimes.go:205.33,207.3 1 0
github.com/laincloud/deployd/engine/runtimes.go:208.25,209.36 1 0
github.com/laincloud/deployd/engine/runtimes.go:209.36,211.4 1 0
github.com/laincloud/deployd/engine/runtimes.go:217.56,219.33 2 0
github.com/laincloud/deployd/engine/runtimes.go:226.2,226.14 1 0
github.com/laincloud/deployd/engine/runtimes.go:219.33,222.29 3 0
github.com/laincloud/deployd/engine/runtimes.go:222.29,224.4 1 0
github.com/laincloud/deployd/engine/config.go:30.38,32.2 1 0
github.com/laincloud/deployd/engine/config.go:34.41,36.2 1 4
github.com/laincloud/deployd/engine/config.go:38.62,41.12 3 4
github.com/laincloud/deployd/engine/config.go:41.12,42.7 1 4
github.com/laincloud/deployd/engine/config.go:42.7,43.11 1 4
github.com/laincloud/deployd/engine/config.go:44.4,45.58 1 0
github.com/laincloud/deployd/engine/config.go:50.5,50.10 1 0
github.com/laincloud/deployd/engine/config.go:45.58,47.6 1 0
github.com/laincloud/deployd/engine/config.go:47.6,49.6 1 0
github.com/laincloud/deployd/engine/config.go:56.32,58.2 1 1
github.com/laincloud/deployd/engine/config.go:60.26,62.2 1 0
github.com/laincloud/deployd/engine/config.go:64.47,66.63 2 0
github.com/laincloud/deployd/engine/config.go:69.2,70.13 2 0
github.com/laincloud/deployd/engine/config.go:66.63,68.3 1 0
github.com/laincloud/deployd/engine/config.go:73.46,75.63 2 0
github.com/laincloud/deployd/engine/config.go:78.2,79.13 2 0
github.com/laincloud/deployd/engine/config.go:75.63,77.3 1 0
github.com/laincloud/deployd/engine/eagleview.go:23.44,27.2 1 0
github.com/laincloud/deployd/engine/eagleview.go:34.88,39.2 4 0
github.com/laincloud/deployd/engine/eagleview.go:41.62,44.15 3 0
github.com/laincloud/deployd/engine/eagleview.go:49.2,51.70 3 0
github.com/laincloud/deployd/engine/eagleview.go:56.2,56.16 1 0
github.com/laincloud/deployd/engine/eagleview.go:62.2,62.12 1 0
github.com/laincloud/deployd/engine/eagleview.go:44.15,47.3 1 0
github.com/laincloud/deployd/engine/eagleview.go:51.70,55.3 3 0
github.com/laincloud/deployd/engine/eagleview.go:56.16,61.3 4 0
github.com/laincloud/deployd/engine/eagleview.go:65.106,68.15 3 0
github.com/laincloud/deployd/engine/eagleview.go:73.2,76.62 2 0
github.com/laincloud/deployd/engine/eagleview.go:68.15,71.3 1 0
github.com/laincloud/deployd/engine/eagleview.go:76.62,80.3 3 0
github.com/laincloud/deployd/engine/eagleview.go:80.3,83.3 2 0
github.com/laincloud/deployd/engine/eagleview.go:87.116,90.15 3 0
github.com/laincloud/deployd/engine/eagleview.go:95.2,100.18 4 0
github.com/laincloud/deployd/engine/eagleview.go:90.15,93.3 1 0
github.com/laincloud/deployd/engine/eagleview.go:103.115,106.71 3 0
github.com/laincloud/deployd/engine/eagleview.go:109.2,109.18 1 0
github.com/laincloud/deployd/engine/eagleview.go:106.71,108.3 1 0
github.com/laincloud/deployd/engine/eagleview.go:112.124,117.16 3 0
github.com/laincloud/deployd/engine/eagleview.go:121.2,121.86 1 0
github.com/laincloud/deployd/engine/eagleview.go:117.16,120.3 2 0
github.com/laincloud/deployd/engine/eagleview.go:121.86,124.3 2 0
github.com/laincloud/deployd/engine/eagleview.go:124.3,125.40 1 0
github.com/laincloud/deployd/engine/eagleview.go:137.3,137.13 1 0
github.com/laincloud/deployd/engine/eagleview.go:125.40,127.54 2 0
github.com/laincloud/deployd/engine/eagleview.go:132.4,132.18 1 0
github.com/laincloud/deployd/engine/eagleview.go:127.54,129.5 1 0
github.com/laincloud/deployd/engine/eagleview.go:129.5,129.60 1 0
github.com/laincloud/deployd/engine/eagleview.go:129.60,131.5 1 0
github.com/laincloud/deployd/engine/eagleview.go:132.18,135.5 2 0
github.com/laincloud/deployd/engine/eagleview.go:141.57,145.2 0 0
github.com/laincloud/deployd/engine/eagleview.go:147.66,149.2 0 0
github.com/laincloud/deployd/engine/eagleview.go:151.96,153.62 2 0
github.com/laincloud/deployd/engine/eagleview.go:156.2,158.18 3 0
github.com/laincloud/deployd/engine/eagleview.go:153.62,155.3 1 0
github.com/laincloud/deployd/engine/eagleview.go:167.95,169.31 2 0
github.com/laincloud/deployd/engine/eagleview.go:172.2,175.23 4 0
github.com/laincloud/deployd/engine/eagleview.go:178.2,187.22 10 0
github.com/laincloud/deployd/engine/eagleview.go:191.2,193.23 3 0
github.com/laincloud/deployd/engine/eagleview.go:169.31,171.3 1 0
github.com/laincloud/deployd/engine/eagleview.go:175.23,177.3 1 0
github.com/laincloud/deployd/engine/eagleview.go:187.22,190.3 2 0
github.com/laincloud/deployd/engine/eagleview.go:196.46,201.2 2 4
github.com/laincloud/deployd/engine/engine.go:58.46,60.2 1 0
github.com/laincloud/deployd/engine/engine.go:62.59,64.48 1 0
github.com/laincloud/deployd/engine/engine.go:64.48,67.57 3 0
github.com/laincloud/deployd/engine/engine.go:74.3,74.9 1 0
github.com/laincloud/deployd/engine/engine.go:67.57,70.4 2 0
github.com/laincloud/deployd/engine/engine.go:70.4,73.4 1 0
github.com/laincloud/deployd/engine/engine.go:78.63,82.49 3 0
github.com/laincloud/deployd/engine/engine.go:85.2,85.47 1 0
github.com/laincloud/deployd/engine/engine.go:89.2,92.12 4 0
github.com/laincloud/deployd/engine/engine.go:82.49,84.3 1 0
github.com/laincloud/deployd/engine/engine.go:85.47,87.3 1 0
github.com/laincloud/deployd/engine/engine.go:95.87,99.51 3 0
github.com/laincloud/deployd/engine/engine.go:99.51,101.3 1 0
github.com/laincloud/deployd/engine/engine.go:101.3,103.3 1 0
github.com/laincloud/deployd/engine/engine.go:106.66,109.56 3 0
github.com/laincloud/deployd/engine/engine.go:109.56,111.3 1 0
github.com/laincloud/deployd/engine/engine.go:111.3,114.3 2 0
github.com/laincloud/deployd/engine/engine.go:117.77,120.51 3 0
github.com/laincloud/deployd/engine/engine.go:129.2,129.12 1 0
github.com/laincloud/deployd/engine/engine.go:120.51,122.3 1 0
github.com/laincloud/deployd/engine/engine.go:122.3,128.3 5 0
github.com/laincloud/deployd/engine/engine.go:132.61,134.2 1 0
github.com/laincloud/deployd/engine/engine.go:136.63,139.44 3 0
github.com/laincloud/deployd/engine/engine.go:142.2,142.46 1 0
github.com/laincloud/deployd/engine/engine.go:145.2,147.48 3 0
github.com/laincloud/deployd/engine/engine.go:155.2,160.12 6 0
github.com/laincloud/deployd/engine/engine.go:139.44,141.3 1 0
github.com/laincloud/deployd/engine/engine.go:142.46,144.3 1 0
github.com/laincloud/deployd/engine/engine.go:147.48,148.57 1 0
github.com/laincloud/deployd/engine/engine.go:148.57,152.4 1 0
github.com/laincloud/deployd/engine/engine.go:163.80,166.45 3 0
github.com/laincloud/deployd/engine/engine.go:166.45,168.3 1 0
github.com/laincloud/deployd/engine/engine.go:168.3,170.3 1 0
github.com/laincloud/deployd/engine/engine.go:173.79,176.45 3 0
github.com/laincloud/deployd/engine/engine.go:176.45,178.3 1 0
github.com/laincloud/deployd/engine/engine.go:178.3,181.3 2 0
github.com/laincloud/deployd/engine/engine.go:184.60,187.45 3 0
github.com/laincloud/deployd/engine/engine.go:187.45,189.3 1 0
github.com/laincloud/deployd/engine/engine.go:189.3,196.3 6 0
github.com/laincloud/deployd/engine/engine.go:199.114,202.45 3 0
github.com/laincloud/deployd/engine/engine.go:202.45,204.3 1 0
github.com/laincloud/deployd/engine/engine.go:204.3,207.3 2 0
github.com/laincloud/deployd/engine/engine.go:210.77,213.45 3 0
github.com/laincloud/deployd/engine/engine.go:213.45,215.3 1 0
github.com/laincloud/deployd/engine/engine.go:215.3,216.48 1 0
github.com/laincloud/deployd/engine/engine.go:223.3,224.13 2 0
github.com/laincloud/deployd/engine/engine.go:216.48,217.58 1 0
github.com/laincloud/deployd/engine/engine.go:217.58,221.5 1 0
github.com/laincloud/deployd/engine/engine.go:228.34,232.24 4 0
github.com/laincloud/deployd/engine/engine.go:236.2,238.33 3 0
github.com/laincloud/deployd/engine/engine.go:232.24,235.3 2 0
github.com/laincloud/deployd/engine/engine.go:241.33,245.24 4 0
github.com/laincloud/deployd/engine/engine.go:249.2,249.9 1 0
github.com/laincloud/deployd/engine/engine.go:256.2,257.19 2 0
github.com/laincloud/deployd/engine/engine.go:245.24,248.3 2 0
github.com/laincloud/deployd/engine/engine.go:250.2,251.10 1 0
github.com/laincloud/deployd/engine/engine.go:254.2,254.10 0 0
github.com/laincloud/deployd/engine/engine.go:251.10,253.4 1 0
github.com/laincloud/deployd/engine/engine.go:260.48,264.2 3 0
github.com/laincloud/deployd/engine/engine.go:266.47,270.2 3 0
github.com/laincloud/deployd/engine/engine.go:272.41,274.2 1 0
github.com/laincloud/deployd/engine/engine.go:276.50,279.73 3 0
github.com/laincloud/deployd/engine/engine.go:306.2,307.12 2 0
github.com/laincloud/deployd/engine/engine.go:279.73,280.34 1 0
github.com/laincloud/deployd/engine/engine.go:280.34,282.4 1 0
github.com/laincloud/deployd/engine/engine.go:283.3,284.34 1 0
github.com/laincloud/deployd/engine/engine.go:284.34,286.56 2 0
github.com/laincloud/deployd/engine/engine.go:291.4,293.59 3 0
github.com/laincloud/deployd/engine/engine.go:302.4,303.66 2 0
github.com/laincloud/deployd/engine/engine.go:286.56,289.5 2 0
github.com/laincloud/deployd/engine/engine.go:293.59,294.36 1 0
github.com/laincloud/deployd/engine/engine.go:294.36,297.6 2 0
github.com/laincloud/deployd/engine/engine.go:297.6,300.6 1 0
github.com/laincloud/deployd/engine/engine.go:310.48,313.71 3 0
github.com/laincloud/deployd/engine/engine.go:337.2,338.12 2 0
github.com/laincloud/deployd/engine/engine.go:313.71,314.34 1 0
github.com/laincloud/deployd/engine/engine.go:314.34,316.4 1 0
github.com/laincloud/deployd/engine/engine.go:317.3,318.44 1 0
github.com/laincloud/deployd/engine/engine.go:318.44,320.18 2 0
github.com/laincloud/deployd/engine/engine.go:325.4,325.35 1 0
github.com/laincloud/deployd/engine/engine.go:320.18,321.36 1 0
github.com/laincloud/deployd/engine/engine.go:321.36,323.6 1 0
github.com/laincloud/deployd/engine/engine.go:325.35,327.65 2 0
github.com/laincloud/deployd/engine/engine.go:331.5,333.67 3 0
github.com/laincloud/deployd/engine/engine.go:327.65,330.6 2 0
github.com/laincloud/deployd/engine/engine.go:341.121,345.2 3 0
github.com/laincloud/deployd/engine/engine.go:347.118,352.2 4 0
github.com/laincloud/deployd/engine/engine.go:354.49,356.103 2 0
github.com/laincloud/deployd/engine/engine.go:356.103,359.3 1 0
github.com/laincloud/deployd/engine/engine.go:362.50,364.2 1 0
github.com/laincloud/deployd/engine/engine.go:367.48,370.6 3 0
github.com/laincloud/deployd/engine/engine.go:370.6,371.10 1 0
github.com/laincloud/deployd/engine/engine.go:372.3,373.17 1 0
github.com/laincloud/deployd/engine/engine.go:374.3,376.31 2 0
github.com/laincloud/deployd/engine/engine.go:390.4,390.36 1 0
github.com/laincloud/deployd/engine/engine.go:404.4,404.20 1 0
github.com/laincloud/deployd/engine/engine.go:405.3,406.32 1 0
github.com/laincloud/deployd/engine/engine.go:407.3,408.32 1 0
github.com/laincloud/deployd/engine/engine.go:376.31,379.43 3 0
github.com/laincloud/deployd/engine/engine.go:379.43,383.16 4 0
github.com/laincloud/deployd/engine/engine.go:383.16,387.7 3 0
github.com/laincloud/deployd/engine/engine.go:390.36,393.49 3 0
github.com/laincloud/deployd/engine/engine.go:393.49,397.16 4 0
github.com/laincloud/deployd/engine/engine.go:397.16,401.7 3 0
github.com/laincloud/deployd/engine/engine.go:408.32,410.5 1 0
github.com/laincloud/deployd/engine/engine.go:416.92,418.21 2 0
github.com/laincloud/deployd/engine/engine.go:418.21,419.33 1 0
github.com/laincloud/deployd/engine/engine.go:420.3,425.10 5 0
github.com/laincloud/deployd/engine/engine.go:426.3,432.10 6 0
github.com/laincloud/deployd/engine/engine.go:438.93,441.6 3 0
github.com/laincloud/deployd/engine/engine.go:441.6,442.10 1 0
github.com/laincloud/deployd/engine/engine.go:443.3,444.26 1 0
github.com/laincloud/deployd/engine/engine.go:451.3,456.10 5 0
github.com/laincloud/deployd/engine/engine.go:444.26,450.5 5 0
github.com/laincloud/deployd/engine/engine.go:461.104,464.18 3 0
github.com/laincloud/deployd/engine/engine.go:464.18,465.41 1 0
github.com/laincloud/deployd/engine/engine.go:465.41,468.4 2 0
github.com/laincloud/deployd/engine/engine.go:469.3,470.47 1 0
github.com/laincloud/deployd/engine/engine.go:470.47,472.4 1 0
github.com/laincloud/deployd/engine/engine.go:478.80,480.2 1 0
github.com/laincloud/deployd/engine/engine.go:482.71,484.2 1 0
github.com/laincloud/deployd/engine/engine.go:486.66,487.56 1 0
github.com/laincloud/deployd/engine/engine.go:487.56,489.3 1 0
github.com/laincloud/deployd/engine/engine.go:489.3,491.3 1 0
github.com/laincloud/deployd/engine/engine.go:494.49,497.2 2 0
github.com/laincloud/deployd/engine/engine.go:499.59,501.2 1 0
github.com/laincloud/deployd/engine/engine.go:503.62,504.60 1 0
github.com/laincloud/deployd/engine/engine.go:504.60,506.3 1 0
github.com/laincloud/deployd/engine/engine.go:506.3,508.3 1 0
github.com/laincloud/deployd/engine/engine.go:511.76,513.30 2 0
github.com/laincloud/deployd/engine/engine.go:513.30,516.3 2 0
github.com/laincloud/deployd/engine/engine.go:519.48,523.87 4 0
github.com/laincloud/deployd/engine/engine.go:572.2,572.9 1 0
github.com/laincloud/deployd/engine/engine.go:523.87,524.17 1 0
github.com/laincloud/deployd/engine/engine.go:524.17,528.4 2 0
github.com/laincloud/deployd/engine/engine.go:528.4,531.46 3 0
github.com/laincloud/deployd/engine/engine.go:531.46,532.25 1 0
github.com/laincloud/deployd/engine/engine.go:533.5,535.55 2 0
github.com/laincloud/deployd/engine/engine.go:541.6,541.58 1 0
github.com/laincloud/deployd/engine/engine.go:535.55,538.7 2 0
github.com/laincloud/deployd/engine/engine.go:538.7,540.7 1 0
github.com/laincloud/deployd/engine/engine.go:543.5,543.63 1 0
github.com/laincloud/deployd/engine/engine.go:543.63,545.69 2 0
github.com/laincloud/deployd/engine/engine.go:545.69,547.26 2 0
github.com/laincloud/deployd/engine/engine.go:555.6,556.87 2 0
github.com/laincloud/deployd/engine/engine.go:548.6,549.35 1 0
github.com/laincloud/deployd/engine/engine.go:550.6,551.34 1 0
github.com/laincloud/deployd/engine/engine.go:552.6,553.36 1 0
github.com/laincloud/deployd/engine/engine.go:556.87,558.13 2 0
github.com/laincloud/deployd/engine/engine.go:558.13,559.44 1 0
github.com/laincloud/deployd/engine/engine.go:559.44,563.9 3 0
github.com/laincloud/deployd/engine/engine.go:566.6,568.6 1 0
github.com/laincloud/deployd/engine/engine.go:573.2,577.31 4 0
github.com/laincloud/deployd/engine/engine.go:578.2,579.45 1 0
github.com/laincloud/deployd/engine/engine.go:583.76,605.68 6 4
github.com/laincloud/deployd/engine/engine.go:609.2,610.65 2 0
github.com/laincloud/deployd/engine/engine.go:614.2,614.49 1 0
github.com/laincloud/deployd/engine/engine.go:618.2,618.47 1 0
github.com/laincloud/deployd/engine/engine.go:622.2,624.20 2 0
github.com/laincloud/deployd/engine/engine.go:605.68,607.3 1 4
github.com/laincloud/deployd/engine/engine.go:610.65,612.3 1 0
github.com/laincloud/deployd/engine/engine.go:614.49,616.3 1 0
github.com/laincloud/deployd/engine/engine.go:618.47,620.3 1 0
github.com/laincloud/deployd/engine/engine_ops.go:13.55,15.2 1 0
github.com/laincloud/deployd/engine/engine_ops.go:22.58,24.2 1 0
github.com/laincloud/deployd/engine/engine_ops.go:31.58,33.2 1 0
github.com/laincloud/deployd/engine/engine_ops.go:39.55,41.2 1 0
github.com/laincloud/deployd/engine/engine_ops.go:48.56,50.20 2 0
github.com/laincloud/deployd/engine/engine_ops.go:51.2,52.53 1 0
github.com/laincloud/deployd/engine/engine_ops.go:53.2,54.56 1 0
github.com/laincloud/deployd/engine/engine_ops.go:55.2,56.56 1 0
github.com/laincloud/deployd/engine/engine_ops.go:66.47,68.2 1 0
github.com/laincloud/deployd/engine/engine_ops.go:75.48,77.2 1 0
github.com/laincloud/deployd/engine/engine_ops.go:83.47,85.2 1 0
github.com/laincloud/deployd/engine/engine_ops.go:93.59,95.2 1 0
github.com/laincloud/deployd/engine/engine_ops.go:102.55,104.2 1 0
github.com/laincloud/deployd/engine/engine_ops.go:114.54,116.2 1 0
github.com/laincloud/deployd/engine/ports.go:24.42,25.21 1 5
github.com/laincloud/deployd/engine/ports.go:28.2,28.19 1 5
github.com/laincloud/deployd/engine/ports.go:25.21,27.3 1 1
github.com/laincloud/deployd/engine/ports.go:37.50,41.2 1 0
github.com/laincloud/deployd/engine/ports.go:47.52,48.37 1 0
github.com/laincloud/deployd/engine/ports.go:51.2,51.29 1 0
github.com/laincloud/deployd/engine/ports.go:56.2,56.13 1 0
github.com/laincloud/deployd/engine/ports.go:48.37,50.3 1 0
github.com/laincloud/deployd/engine/ports.go:51.29,52.40 1 0
github.com/laincloud/deployd/engine/ports.go:52.40,54.4 1 0
github.com/laincloud/deployd/engine/ports.go:70.53,76.16 3 1
github.com/laincloud/deployd/engine/ports.go:80.2,83.3 1 1
github.com/laincloud/deployd/engine/ports.go:76.16,79.3 2 0
github.com/laincloud/deployd/engine/ports.go:86.66,88.27 2 1
github.com/laincloud/deployd/engine/ports.go:94.2,94.13 1 1
github.com/laincloud/deployd/engine/ports.go:88.27,90.30 2 2
github.com/laincloud/deployd/engine/ports.go:90.30,92.4 1 0
github.com/laincloud/deployd/engine/ports.go:97.58,99.29 2 0
github.com/laincloud/deployd/engine/ports.go:105.2,105.13 1 0
github.com/laincloud/deployd/engine/ports.go:99.29,101.30 2 0
github.com/laincloud/deployd/engine/ports.go:101.30,103.4 1 0
github.com/laincloud/deployd/engine/ports.go:108.72,112.33 4 0
github.com/laincloud/deployd/engine/ports.go:127.2,127.26 1 0
github.com/laincloud/deployd/engine/ports.go:132.2,133.16 2 0
github.com/laincloud/deployd/engine/ports.go:136.2,137.28 2 0
github.com/laincloud/deployd/engine/ports.go:140.2,141.35 2 0
github.com/laincloud/deployd/engine/ports.go:146.2,146.36 1 0
github.com/laincloud/deployd/engine/ports.go:112.33,115.66 3 0
github.com/laincloud/deployd/engine/ports.go:118.3,118.32 1 0
github.com/laincloud/deployd/engine/ports.go:115.66,116.12 1 0
github.com/laincloud/deployd/engine/ports.go:118.32,124.4 1 0
github.com/laincloud/deployd/engine/ports.go:127.26,130.3 2 0
github.com/laincloud/deployd/engine/ports.go:133.16,135.3 1 0
github.com/laincloud/deployd/engine/ports.go:137.28,139.3 1 0
github.com/laincloud/deployd/engine/ports.go:141.35,142.36 1 0
github.com/laincloud/deployd/engine/ports.go:142.36,144.4 1 0
github.com/laincloud/deployd/engine/ports.go:146.36,149.3 2 0
github.com/laincloud/deployd/engine/ports.go:152.80,156.27 4 1
github.com/laincloud/deployd/engine/ports.go:165.2,165.18 1 0
github.com/laincloud/deployd/engine/ports.go:156.27,157.33 1 1
github.com/laincloud/deployd/engine/ports.go:163.3,163.38 1 0
github.com/laincloud/deployd/engine/ports.go:157.33,158.39 1 1
github.com/laincloud/deployd/engine/ports.go:161.4,161.44 1 1
github.com/laincloud/deployd/engine/ports.go:158.39,160.5 1 0
github.com/laincloud/deployd/engine/ports.go:168.64,171.27 3 0
github.com/laincloud/deployd/engine/ports.go:171.27,173.3 1 0
github.com/laincloud/deployd/engine/ports.go:176.64,179.27 3 1
github.com/laincloud/deployd/engine/ports.go:179.27,181.3 1 2
github.com/laincloud/deployd/engine/ports.go:184.63,188.16 4 0
github.com/laincloud/deployd/engine/ports.go:191.2,191.14 1 0
github.com/laincloud/deployd/engine/ports.go:188.16,190.3 1 0
github.com/laincloud/deployd/engine/ports.go:194.64,197.2 2 1
github.com/laincloud/deployd/engine/ports.go:199.63,202.2 2 0
github.com/laincloud/deployd/engine/ports.go:204.63,207.2 2 2
github.com/laincloud/deployd/engine/ports.go:209.54,211.2 1 1
github.com/laincloud/deployd/engine/ports.go:213.38,215.2 1 0
github.com/laincloud/deployd/engine/ports.go:217.38,219.2 1 1
github.com/laincloud/deployd/engine/ports.go:221.39,223.2 1 0
github.com/laincloud/deployd/engine/ports.go:225.40,227.2 1 0
github.com/laincloud/deployd/engine/ports.go:229.59,231.2 1 0
github.com/laincloud/deployd/engine/ports.go:233.49,235.38 2 2
github.com/laincloud/deployd/engine/ports.go:235.38,237.17 2 2
github.com/laincloud/deployd/engine/ports.go:248.3,248.63 1 0
github.com/laincloud/deployd/engine/ports.go:251.3,251.19 1 0
github.com/laincloud/deployd/engine/ports.go:237.17,238.43 1 2
github.com/laincloud/deployd/engine/ports.go:246.4,246.21 1 2
github.com/laincloud/deployd/engine/ports.go:238.43,239.25 1 0
github.com/laincloud/deployd/engine/ports.go:240.5,241.23 1 0
github.com/laincloud/deployd/engine/ports.go:242.5,243.23 1 0
github.com/laincloud/deployd/engine/ports.go:248.63,250.4 1 0
github.com/laincloud/deployd/engine/ports.go:255.69,258.16 3 0
github.com/laincloud/deployd/engine/ports.go:261.2,264.39 3 0
github.com/laincloud/deployd/engine/ports.go:268.2,268.23 1 0
github.com/laincloud/deployd/engine/ports.go:258.16,260.3 1 0
github.com/laincloud/deployd/engine/ports.go:264.39,267.3 2 0
github.com/laincloud/deployd/engine/ports.go:271.58,274.16 3 0
github.com/laincloud/deployd/engine/ports.go:277.2,278.39 2 0
github.com/laincloud/deployd/engine/ports.go:287.2,287.19 1 0
github.com/laincloud/deployd/engine/ports.go:274.16,276.3 1 0
github.com/laincloud/deployd/engine/ports.go:278.39,281.21 3 0
github.com/laincloud/deployd/engine/ports.go:281.21,282.84 1 0
github.com/laincloud/deployd/engine/ports.go:282.84,284.5 1 0
github.com/laincloud/deployd/engine/ports.go:290.79,293.16 3 1
github.com/laincloud/deployd/engine/ports.go:296.2,296.38 1 1
github.com/laincloud/deployd/engine/ports.go:293.16,295.3 1 0
github.com/laincloud/deployd/engine/ports.go:296.38,298.13 2 1
github.com/laincloud/deployd/engine/ports.go:301.3,306.17 2 1
github.com/laincloud/deployd/engine/ports.go:317.3,317.19 1 0
github.com/laincloud/deployd/engine/ports.go:298.13,300.4 1 1
github.com/laincloud/deployd/engine/ports.go:306.17,307.43 1 1
github.com/laincloud/deployd/engine/ports.go:315.4,315.21 1 1
github.com/laincloud/deployd/engine/ports.go:307.43,308.25 1 0
github.com/laincloud/deployd/engine/ports.go:309.5,310.23 1 0
github.com/laincloud/deployd/engine/ports.go:311.5,312.61 1 0
github.com/laincloud/deployd/engine/ports.go:321.48,323.38 2 2
github.com/laincloud/deployd/engine/ports.go:323.38,325.17 2 2
github.com/laincloud/deployd/engine/ports.go:328.3,328.19 1 0
github.com/laincloud/deployd/engine/ports.go:325.17,327.4 1 2
github.com/laincloud/deployd/engine/ports.go:332.44,334.16 2 5
github.com/laincloud/deployd/engine/ports.go:334.16,337.3 2 5
github.com/laincloud/deployd/engine/ports.go:337.3,339.3 1 0
github.com/laincloud/deployd/engine/depends_ops.go:22.128,25.15 3 0
github.com/laincloud/deployd/engine/depends_ops.go:28.2,29.16 2 0
github.com/laincloud/deployd/engine/depends_ops.go:32.2,33.16 2 0
github.com/laincloud/deployd/engine/depends_ops.go:36.2,36.14 1 0
github.com/laincloud/deployd/engine/depends_ops.go:25.15,27.3 1 0
github.com/laincloud/deployd/engine/depends_ops.go:29.16,31.3 1 0
github.com/laincloud/deployd/engine/depends_ops.go:33.16,35.3 1 0
github.com/laincloud/deployd/engine/depends_ops.go:44.130,47.15 3 0
github.com/laincloud/deployd/engine/depends_ops.go:50.2,51.16 2 0
github.com/laincloud/deployd/engine/depends_ops.go:54.2,54.14 1 0
github.com/laincloud/deployd/engine/depends_ops.go:47.15,49.3 1 0
github.com/laincloud/deployd/engine/depends_ops.go:51.16,53.3 1 0
github.com/laincloud/deployd/engine/depends_ops.go:61.130,64.15 3 0
github.com/laincloud/deployd/engine/depends_ops.go:68.2,72.49 4 0
github.com/laincloud/deployd/engine/depends_ops.go:83.2,84.16 2 0
github.com/laincloud/deployd/engine/depends_ops.go:87.2,87.14 1 0
github.com/laincloud/deployd/engine/depends_ops.go:64.15,66.3 1 0
github.com/laincloud/deployd/engine/depends_ops.go:72.49,74.46 2 0
github.com/laincloud/deployd/engine/depends_ops.go:74.46,81.4 1 0
github.com/laincloud/deployd/engine/depends_ops.go:84.16,86.3 1 0
github.com/laincloud/deployd/engine/depends_ops.go:95.124,98.15 3 0
github.com/laincloud/deployd/engine/depends_ops.go:103.2,105.49 3 0
github.com/laincloud/deployd/engine/depends_ops.go:112.2,112.14 1 0
github.com/laincloud/deployd/engine/depends_ops.go:98.15,101.3 1 0
github.com/laincloud/deployd/engine/depends_ops.go:105.49,106.46 1 0
github.com/laincloud/deployd/engine/depends_ops.go:106.46,110.4 3 0
github.com/laincloud/deployd/engine/depends_ops.go:122.132,127.15 4 0
github.com/laincloud/deployd/engine/depends_ops.go:132.2,142.14 10 0
github.com/laincloud/deployd/engine/depends_ops.go:127.15,130.3 1 0
github.com/laincloud/deployd/engine/depends_ops.go:149.124,151.15 2 0
github.com/laincloud/deployd/engine/depends_ops.go:155.2,157.49 3 0
github.com/laincloud/deployd/engine/depends_ops.go:182.2,182.14 1 0
github.com/laincloud/deployd/engine/depends_ops.go:151.15,153.3 1 0
github.com/laincloud/deployd/engine/depends_ops.go:157.49,158.46 1 0
github.com/laincloud/deployd/engine/depends_ops.go:158.46,161.78 3 0
github.com/laincloud/deployd/engine/depends_ops.go:178.4,179.32 2 0
github.com/laincloud/deployd/engine/depends_ops.go:161.78,163.72 1 0
github.com/laincloud/deployd/engine/depends_ops.go:163.72,167.22 2 0
github.com/laincloud/deployd/engine/depends_ops.go:170.6,175.14 5 0
github.com/laincloud/deployd/engine/depends_ops.go:167.22,168.15 1 0
github.com/laincloud/deployd/engine/depends_ops.go:189.123,192.15 3 0
github.com/laincloud/deployd/engine/depends_ops.go:197.2,199.46 3 0
github.com/laincloud/deployd/engine/depends_ops.go:206.2,207.14 2 0
github.com/laincloud/deployd/engine/depends_ops.go:192.15,195.3 1 0
github.com/laincloud/deployd/engine/depends_ops.go:199.46,200.38 1 0
github.com/laincloud/deployd/engine/depends_ops.go:200.38,204.4 3 0
github.com/laincloud/deployd/engine/depends_ops.go:214.134,217.15 3 0
github.com/laincloud/deployd/engine/depends_ops.go:221.2,221.73 1 0
github.com/laincloud/deployd/engine/depends_ops.go:228.2,228.14 1 0
github.com/laincloud/deployd/engine/depends_ops.go:217.15,219.3 1 0
github.com/laincloud/deployd/engine/depends_ops.go:221.73,223.3 1 0
github.com/laincloud/deployd/engine/depends_ops.go:223.3,227.3 3 0
github.com/laincloud/deployd/engine/depends_ops.go:237.131,242.2 4 0
github.com/laincloud/deployd/engine/depends_ops.go:248.131,253.50 5 0
github.com/laincloud/deployd/engine/depends_ops.go:264.2,264.20 1 0
github.com/laincloud/deployd/engine/depends_ops.go:282.2,282.14 1 0
github.com/laincloud/deployd/engine/depends_ops.go:253.50,254.83 1 0
github.com/laincloud/deployd/engine/depends_ops.go:254.83,257.60 3 0
github.com/laincloud/deployd/engine/depends_ops.go:257.60,260.5 2 0
github.com/laincloud/deployd/engine/depends_ops.go:264.20,267.43 3 0
github.com/laincloud/deployd/engine/depends_ops.go:267.43,269.4 1 0
github.com/laincloud/deployd/engine/depends_ops.go:270.3,274.36 3 0
github.com/laincloud/deployd/engine/depends_ops.go:277.3,278.43 2 0
github.com/laincloud/deployd/engine/depends_ops.go:274.36,276.4 1 0
github.com/laincloud/deployd/engine/depends_ops.go:278.43,280.4 1 0
github.com/laincloud/deployd/engine/depends_ops.go:292.132,295.15 3 0
github.com/laincloud/deployd/engine/depends_ops.go:300.2,306.50 6 0
github.com/laincloud/deployd/engine/depends_ops.go:317.2,317.38 1 0
github.com/laincloud/deployd/engine/depends_ops.go:324.2,324.38 1 0
github.com/laincloud/deployd/engine/depends_ops.go:355.2,355.37 1 0
github.com/laincloud/deployd/engine/depends_ops.go:367.2,367.98 1 0
github.com/laincloud/deployd/engine/depends_ops.go:375.2,375.87 1 0
github.com/laincloud/deployd/engine/depends_ops.go:385.2,385.14 1 0
github.com/laincloud/deployd/engine/depends_ops.go:295.15,298.3 1 0
github.com/laincloud/deployd/engine/depends_ops.go:306.50,307.45 1 0
github.com/laincloud/deployd/engine/depends_ops.go:307.45,311.42 4 0
github.com/laincloud/deployd/engine/depends_ops.go:311.42,313.5 1 0
github.com/laincloud/deployd/engine/depends_ops.go:317.38,318.105 1 0
github.com/laincloud/deployd/engine/depends_ops.go:318.105,321.4 2 0
github.com/laincloud/deployd/engine/depends_ops.go:324.38,326.29 2 0
github.com/laincloud/deployd/engine/depends_ops.go:332.3,332.19 1 0
github.com/laincloud/deployd/engine/depends_ops.go:349.3,349.15 1 0
github.com/laincloud/deployd/engine/depends_ops.go:326.29,327.17 1 0
github.com/laincloud/deployd/engine/depends_ops.go:327.17,330.5 2 0
github.com/laincloud/deployd/engine/depends_ops.go:332.19,336.40 3 0
github.com/laincloud/deployd/engine/depends_ops.go:336.40,338.5 1 0
github.com/laincloud/deployd/engine/depends_ops.go:339.4,348.4 8 0
github.com/laincloud/deployd/engine/depends_ops.go:355.37,358.78 3 0
github.com/laincloud/deployd/engine/depends_ops.go:358.78,364.4 5 0
github.com/laincloud/deployd/engine/depends_ops.go:367.98,373.3 5 0
github.com/laincloud/deployd/engine/depends_ops.go:375.87,379.39 4 0
github.com/laincloud/deployd/engine/depends_ops.go:382.3,382.15 1 0
github.com/laincloud/deployd/engine/depends_ops.go:379.39,381.4 1 0
github.com/laincloud/deployd/engine/depends_ops.go:394.126,397.15 3 0
github.com/laincloud/deployd/engine/depends_ops.go:401.2,410.12 9 0
github.com/laincloud/deployd/engine/depends_ops.go:417.2,417.14 1 0
github.com/laincloud/deployd/engine/depends_ops.go:397.15,400.3 1 0
github.com/laincloud/deployd/engine/depends_ops.go:410.12,412.3 1 0
github.com/laincloud/deployd/engine/depends_ops.go:412.3,416.3 3 0
github.com/laincloud/deployd/engine/depends_ops.go:426.126,429.15 3 0
github.com/laincloud/deployd/engine/depends_ops.go:434.2,436.64 3 0
github.com/laincloud/deployd/engine/depends_ops.go:444.2,444.14 1 0
github.com/laincloud/deployd/engine/depends_ops.go:429.15,432.3 1 0
github.com/laincloud/deployd/engine/depends_ops.go:436.64,438.27 2 0
github.com/laincloud/deployd/engine/depends_ops.go:441.3,442.38 2 0
github.com/laincloud/deployd/engine/depends_ops.go:438.27,440.4 1 0
github.com/laincloud/deployd/engine/depends_ops.go:453.126,456.15 3 0
github.com/laincloud/deployd/engine/depends_ops.go:461.2,463.64 3 0
github.com/laincloud/deployd/engine/depends_ops.go:476.2,476.14 1 0
github.com/laincloud/deployd/engine/depends_ops.go:456.15,459.3 1 0
github.com/laincloud/deployd/engine/depends_ops.go:463.64,466.3 2 0
github.com/laincloud/deployd/engine/depends_ops.go:466.3,475.3 8 0
github.com/laincloud/deployd/engine/depends_ops.go:483.122,486.15 3 0
github.com/laincloud/deployd/engine/depends_ops.go:490.2,490.50 1 0
github.com/laincloud/deployd/engine/depends_ops.go:505.2,508.13 4 0
github.com/laincloud/deployd/engine/depends_ops.go:486.15,489.3 1 0
github.com/laincloud/deployd/engine/depends_ops.go:490.50,493.29 3 0
github.com/laincloud/deployd/engine/depends_ops.go:493.29,494.86 1 0
github.com/laincloud/deployd/engine/depends_ops.go:494.86,496.10 2 0
github.com/laincloud/deployd/engine/depends_ops.go:497.5,499.15 2 0
github.com/laincloud/deployd/engine/depends_ops.go:499.15,501.6 1 0
